[1.670s] Invoking command in '/home/liv/final_project': PYTHONPATH=/home/liv/final_project/build/final_project/prefix_override:/usr/lib/python3/dist-packages/colcon_core/task/python/colcon_distutils_commands:/home/liv/final_project/install/final_project/lib/python3.10/site-packages:${PYTHONPATH} /usr/bin/python3 -W ignore:setup.py install is deprecated setup.py egg_info --egg-base build/final_project build --build-base /home/liv/final_project/build/final_project/build install --record /home/liv/final_project/build/final_project/install.log --single-version-externally-managed install_data
[2.070s] running egg_info
[2.071s] writing build/final_project/final_project.egg-info/PKG-INFO
[2.075s] writing dependency_links to build/final_project/final_project.egg-info/dependency_links.txt
[2.075s] writing entry points to build/final_project/final_project.egg-info/entry_points.txt
[2.075s] writing requirements to build/final_project/final_project.egg-info/requires.txt
[2.075s] writing top-level names to build/final_project/final_project.egg-info/top_level.txt
[2.078s] reading manifest file 'build/final_project/final_project.egg-info/SOURCES.txt'
[2.079s] adding license file 'LICENSE'
[2.082s] writing manifest file 'build/final_project/final_project.egg-info/SOURCES.txt'
[2.082s] running build
[2.082s] running build_py
[2.086s] running install
[2.087s] running install_lib
[2.090s] running install_data
[2.096s] running install_egg_info
[2.103s] removing '/home/liv/final_project/install/final_project/lib/python3.10/site-packages/final_project-0.0.0-py3.10.egg-info' (and everything under it)
[2.104s] Copying build/final_project/final_project.egg-info to /home/liv/final_project/install/final_project/lib/python3.10/site-packages/final_project-0.0.0-py3.10.egg-info
[2.108s] running install_scripts
[2.148s] Installing final_project script to /home/liv/final_project/install/final_project/lib/final_project
[2.150s] writing list of installed files to '/home/liv/final_project/build/final_project/install.log'
[2.185s] Invoked command in '/home/liv/final_project' returned '0': PYTHONPATH=/home/liv/final_project/build/final_project/prefix_override:/usr/lib/python3/dist-packages/colcon_core/task/python/colcon_distutils_commands:/home/liv/final_project/install/final_project/lib/python3.10/site-packages:${PYTHONPATH} /usr/bin/python3 -W ignore:setup.py install is deprecated setup.py egg_info --egg-base build/final_project build --build-base /home/liv/final_project/build/final_project/build install --record /home/liv/final_project/build/final_project/install.log --single-version-externally-managed install_data
