[2.360s] Invoking command in '/home/liv/final_project': PYTHONPATH=/home/liv/final_project/build/final_project/prefix_override:/usr/lib/python3/dist-packages/colcon_core/task/python/colcon_distutils_commands:/home/liv/final_project/install/final_project/lib/python3.10/site-packages:${PYTHONPATH} /usr/bin/python3 -W ignore:setup.py install is deprecated setup.py egg_info --egg-base build/final_project build --build-base /home/liv/final_project/build/final_project/build install --record /home/liv/final_project/build/final_project/install.log --single-version-externally-managed install_data
[3.194s] running egg_info
[3.196s] writing build/final_project/final_project.egg-info/PKG-INFO
[3.203s] writing dependency_links to build/final_project/final_project.egg-info/dependency_links.txt
[3.205s] writing entry points to build/final_project/final_project.egg-info/entry_points.txt
[3.210s] writing requirements to build/final_project/final_project.egg-info/requires.txt
[3.210s] writing top-level names to build/final_project/final_project.egg-info/top_level.txt
[3.214s] reading manifest file 'build/final_project/final_project.egg-info/SOURCES.txt'
[3.216s] adding license file 'LICENSE'
[3.219s] writing manifest file 'build/final_project/final_project.egg-info/SOURCES.txt'
[3.221s] running build
[3.222s] running build_py
[3.222s] running install
[3.224s] running install_lib
[3.229s] running install_data
[3.229s] copying launch/launch_final.py -> /home/liv/final_project/install/final_project/share/final_project/launch
[3.232s] running install_egg_info
[3.238s] removing '/home/liv/final_project/install/final_project/lib/python3.10/site-packages/final_project-0.0.0-py3.10.egg-info' (and everything under it)
[3.242s] Copying build/final_project/final_project.egg-info to /home/liv/final_project/install/final_project/lib/python3.10/site-packages/final_project-0.0.0-py3.10.egg-info
[3.254s] running install_scripts
[3.324s] Installing final_project script to /home/liv/final_project/install/final_project/lib/final_project
[3.327s] writing list of installed files to '/home/liv/final_project/build/final_project/install.log'
[3.408s] Invoked command in '/home/liv/final_project' returned '0': PYTHONPATH=/home/liv/final_project/build/final_project/prefix_override:/usr/lib/python3/dist-packages/colcon_core/task/python/colcon_distutils_commands:/home/liv/final_project/install/final_project/lib/python3.10/site-packages:${PYTHONPATH} /usr/bin/python3 -W ignore:setup.py install is deprecated setup.py egg_info --egg-base build/final_project build --build-base /home/liv/final_project/build/final_project/build install --record /home/liv/final_project/build/final_project/install.log --single-version-externally-managed install_data
