[0.710s] DEBUG:colcon:Command line arguments: ['/usr/bin/colcon', 'build']
[0.710s] DEBUG:colcon:Parsed command line arguments: Namespace(log_base=None, log_level=None, verb_name='build', build_base='build', install_base='install', merge_install=False, symlink_install=False, test_result_base=None, continue_on_error=False, executor='parallel', parallel_workers=4, event_handlers=None, ignore_user_meta=False, metas=['./colcon.meta'], base_paths=['.'], packages_ignore=None, packages_ignore_regex=None, paths=None, packages_up_to=None, packages_up_to_regex=None, packages_above=None, packages_above_and_dependencies=None, packages_above_depth=None, packages_select_by_dep=None, packages_skip_by_dep=None, packages_skip_up_to=None, packages_select_build_failed=False, packages_skip_build_finished=False, packages_select_test_failures=False, packages_skip_test_passed=False, packages_select=None, packages_skip=None, packages_select_regex=None, packages_skip_regex=None, packages_start=None, packages_end=None, allow_overriding=[], cmake_args=None, cmake_target=None, cmake_target_skip_unavailable=False, cmake_clean_cache=False, cmake_clean_first=False, cmake_force_configure=False, ament_cmake_args=None, catkin_cmake_args=None, catkin_skip_building_tests=False, mixin_files=None, mixin=None, verb_parser=<colcon_mixin.mixin.mixin_argument.MixinArgumentDecorator object at 0x79a4dcf3cb20>, verb_extension=<colcon_core.verb.build.BuildVerb object at 0x79a4dd0291b0>, main=<bound method BuildVerb.main of <colcon_core.verb.build.BuildVerb object at 0x79a4dd0291b0>>, mixin_verb=('build',))
[1.572s] Level 1:colcon.colcon_core.package_discovery:discover_packages(colcon_meta) check parameters
[1.573s] Level 1:colcon.colcon_core.package_discovery:discover_packages(recursive) check parameters
[1.573s] Level 1:colcon.colcon_core.package_discovery:discover_packages(ignore) check parameters
[1.573s] Level 1:colcon.colcon_core.package_discovery:discover_packages(path) check parameters
[1.573s] Level 1:colcon.colcon_core.package_discovery:discover_packages(colcon_meta) discover
[1.573s] Level 1:colcon.colcon_core.package_discovery:discover_packages(recursive) discover
[1.575s] INFO:colcon.colcon_core.package_discovery:Crawling recursively for packages in '/home/liv/final_project'
[1.575s] Level 1:colcon.colcon_core.package_identification:_identify(.) by extensions ['ignore', 'ignore_ament_install']
[1.576s] Level 1:colcon.colcon_core.package_identification:_identify(.) by extension 'ignore'
[1.576s] Level 1:colcon.colcon_core.package_identification:_identify(.) by extension 'ignore_ament_install'
[1.576s] Level 1:colcon.colcon_core.package_identification:_identify(.) by extensions ['colcon_pkg']
[1.577s] Level 1:colcon.colcon_core.package_identification:_identify(.) by extension 'colcon_pkg'
[1.578s] Level 1:colcon.colcon_core.package_identification:_identify(.) by extensions ['colcon_meta']
[1.578s] Level 1:colcon.colcon_core.package_identification:_identify(.) by extension 'colcon_meta'
[1.579s] Level 1:colcon.colcon_core.package_identification:_identify(.) by extensions ['ros']
[1.579s] Level 1:colcon.colcon_core.package_identification:_identify(.) by extension 'ros'
[1.699s] DEBUG:colcon.colcon_core.package_identification:Package '.' with type 'ros.ament_python' and name 'final_project'
[1.700s] Level 1:colcon.colcon_core.package_discovery:discover_packages(recursive) using defaults
[1.700s] Level 1:colcon.colcon_core.package_discovery:discover_packages(ignore) discover
[1.700s] Level 1:colcon.colcon_core.package_discovery:discover_packages(ignore) using defaults
[1.700s] Level 1:colcon.colcon_core.package_discovery:discover_packages(path) discover
[1.700s] Level 1:colcon.colcon_core.package_discovery:discover_packages(path) using defaults
[1.848s] Level 1:colcon.colcon_core.package_discovery:discover_packages(prefix_path) check parameters
[1.848s] Level 1:colcon.colcon_core.package_discovery:discover_packages(prefix_path) discover
[1.859s] DEBUG:colcon.colcon_installed_package_information.package_discovery:Found 298 installed packages in /opt/ros/humble
[1.862s] Level 1:colcon.colcon_core.package_discovery:discover_packages(prefix_path) using defaults
[2.064s] Level 5:colcon.colcon_core.verb:set package 'final_project' build argument 'cmake_args' from command line to 'None'
[2.064s] Level 5:colcon.colcon_core.verb:set package 'final_project' build argument 'cmake_target' from command line to 'None'
[2.064s] Level 5:colcon.colcon_core.verb:set package 'final_project' build argument 'cmake_target_skip_unavailable' from command line to 'False'
[2.064s] Level 5:colcon.colcon_core.verb:set package 'final_project' build argument 'cmake_clean_cache' from command line to 'False'
[2.064s] Level 5:colcon.colcon_core.verb:set package 'final_project' build argument 'cmake_clean_first' from command line to 'False'
[2.064s] Level 5:colcon.colcon_core.verb:set package 'final_project' build argument 'cmake_force_configure' from command line to 'False'
[2.064s] Level 5:colcon.colcon_core.verb:set package 'final_project' build argument 'ament_cmake_args' from command line to 'None'
[2.064s] Level 5:colcon.colcon_core.verb:set package 'final_project' build argument 'catkin_cmake_args' from command line to 'None'
[2.065s] Level 5:colcon.colcon_core.verb:set package 'final_project' build argument 'catkin_skip_building_tests' from command line to 'False'
[2.065s] DEBUG:colcon.colcon_core.verb:Building package 'final_project' with the following arguments: {'ament_cmake_args': None, 'build_base': '/home/liv/final_project/build/final_project', 'catkin_cmake_args': None, 'catkin_skip_building_tests': False, 'cmake_args': None, 'cmake_clean_cache': False, 'cmake_clean_first': False, 'cmake_force_configure': False, 'cmake_target': None, 'cmake_target_skip_unavailable': False, 'install_base': '/home/liv/final_project/install/final_project', 'merge_install': False, 'path': '/home/liv/final_project', 'symlink_install': False, 'test_result_base': None}
[2.065s] INFO:colcon.colcon_core.executor:Executing jobs using 'parallel' executor
[2.094s] DEBUG:colcon.colcon_parallel_executor.executor.parallel:run_until_complete
[2.096s] INFO:colcon.colcon_ros.task.ament_python.build:Building ROS package in '/home/liv/final_project' with build type 'ament_python'
[2.096s] Level 1:colcon.colcon_core.shell:create_environment_hook('final_project', 'ament_prefix_path')
[2.101s] INFO:colcon.colcon_core.plugin_system:Skipping extension 'colcon_core.shell.bat': Not used on non-Windows systems
[2.101s] INFO:colcon.colcon_core.shell:Creating environment hook '/home/liv/final_project/install/final_project/share/final_project/hook/ament_prefix_path.ps1'
[2.107s] INFO:colcon.colcon_core.shell:Creating environment descriptor '/home/liv/final_project/install/final_project/share/final_project/hook/ament_prefix_path.dsv'
[2.108s] INFO:colcon.colcon_core.shell:Creating environment hook '/home/liv/final_project/install/final_project/share/final_project/hook/ament_prefix_path.sh'
[2.111s] INFO:colcon.colcon_core.shell:Skip shell extension 'powershell' for command environment: Not usable outside of PowerShell
[2.111s] DEBUG:colcon.colcon_core.shell:Skip shell extension 'dsv' for command environment
[3.711s] INFO:colcon.colcon_core.task.python.build:Building Python package in '/home/liv/final_project'
[3.712s] INFO:colcon.colcon_core.shell:Skip shell extension 'powershell' for command environment: Not usable outside of PowerShell
[3.712s] DEBUG:colcon.colcon_core.shell:Skip shell extension 'dsv' for command environment
[6.166s] DEBUG:colcon.colcon_core.event_handler.log_command:Invoking command in '/home/liv/final_project': PYTHONPATH=/home/liv/final_project/build/final_project/prefix_override:/usr/lib/python3/dist-packages/colcon_core/task/python/colcon_distutils_commands:/home/liv/final_project/install/final_project/lib/python3.10/site-packages:${PYTHONPATH} /usr/bin/python3 -W ignore:setup.py install is deprecated setup.py egg_info --egg-base build/final_project build --build-base /home/liv/final_project/build/final_project/build install --record /home/liv/final_project/build/final_project/install.log --single-version-externally-managed install_data
[7.691s] DEBUG:colcon.colcon_core.event_handler.log_command:Invoked command in '/home/liv/final_project' returned '0': PYTHONPATH=/home/liv/final_project/build/final_project/prefix_override:/usr/lib/python3/dist-packages/colcon_core/task/python/colcon_distutils_commands:/home/liv/final_project/install/final_project/lib/python3.10/site-packages:${PYTHONPATH} /usr/bin/python3 -W ignore:setup.py install is deprecated setup.py egg_info --egg-base build/final_project build --build-base /home/liv/final_project/build/final_project/build install --record /home/liv/final_project/build/final_project/install.log --single-version-externally-managed install_data
[7.700s] Level 1:colcon.colcon_core.environment:checking '/home/liv/final_project/install/final_project' for CMake module files
[7.702s] Level 1:colcon.colcon_core.environment:checking '/home/liv/final_project/install/final_project' for CMake config files
[7.707s] Level 1:colcon.colcon_core.environment:checking '/home/liv/final_project/install/final_project/lib'
[7.708s] Level 1:colcon.colcon_core.environment:checking '/home/liv/final_project/install/final_project/bin'
[7.708s] Level 1:colcon.colcon_core.environment:checking '/home/liv/final_project/install/final_project/lib/pkgconfig/final_project.pc'
[7.709s] Level 1:colcon.colcon_core.environment:checking '/home/liv/final_project/install/final_project/lib/python3.10/site-packages'
[7.710s] Level 1:colcon.colcon_core.shell:create_environment_hook('final_project', 'pythonpath')
[7.710s] INFO:colcon.colcon_core.shell:Creating environment hook '/home/liv/final_project/install/final_project/share/final_project/hook/pythonpath.ps1'
[7.713s] INFO:colcon.colcon_core.shell:Creating environment descriptor '/home/liv/final_project/install/final_project/share/final_project/hook/pythonpath.dsv'
[7.716s] INFO:colcon.colcon_core.shell:Creating environment hook '/home/liv/final_project/install/final_project/share/final_project/hook/pythonpath.sh'
[7.721s] Level 1:colcon.colcon_core.environment:checking '/home/liv/final_project/install/final_project/bin'
[7.722s] Level 1:colcon.colcon_core.environment:create_environment_scripts_only(final_project)
[7.725s] INFO:colcon.colcon_core.shell:Creating package script '/home/liv/final_project/install/final_project/share/final_project/package.ps1'
[7.730s] INFO:colcon.colcon_core.shell:Creating package descriptor '/home/liv/final_project/install/final_project/share/final_project/package.dsv'
[7.734s] INFO:colcon.colcon_core.shell:Creating package script '/home/liv/final_project/install/final_project/share/final_project/package.sh'
[7.738s] INFO:colcon.colcon_core.shell:Creating package script '/home/liv/final_project/install/final_project/share/final_project/package.bash'
[7.742s] INFO:colcon.colcon_core.shell:Creating package script '/home/liv/final_project/install/final_project/share/final_project/package.zsh'
[7.747s] Level 1:colcon.colcon_core.environment:create_file_with_runtime_dependencies(/home/liv/final_project/install/final_project/share/colcon-core/packages/final_project)
[7.749s] DEBUG:colcon.colcon_parallel_executor.executor.parallel:closing loop
[7.751s] DEBUG:colcon.colcon_parallel_executor.executor.parallel:loop closed
[7.752s] DEBUG:colcon.colcon_parallel_executor.executor.parallel:run_until_complete finished with '0'
[7.752s] DEBUG:colcon.colcon_core.event_reactor:joining thread
[7.823s] INFO:colcon.colcon_core.plugin_system:Skipping extension 'colcon_notification.desktop_notification.terminal_notifier': Not used on non-Darwin systems
[7.823s] INFO:colcon.colcon_core.plugin_system:Skipping extension 'colcon_notification.desktop_notification.win32': Not used on non-Windows systems
[7.823s] INFO:colcon.colcon_notification.desktop_notification:Sending desktop notification using 'notify2'
[7.979s] DEBUG:colcon.colcon_core.event_reactor:joined thread
[7.980s] INFO:colcon.colcon_core.shell:Creating prefix script '/home/liv/final_project/install/local_setup.ps1'
[7.986s] INFO:colcon.colcon_core.shell:Creating prefix util module '/home/liv/final_project/install/_local_setup_util_ps1.py'
[7.993s] INFO:colcon.colcon_core.shell:Creating prefix chain script '/home/liv/final_project/install/setup.ps1'
[8.000s] INFO:colcon.colcon_core.shell:Creating prefix script '/home/liv/final_project/install/local_setup.sh'
[8.004s] INFO:colcon.colcon_core.shell:Creating prefix util module '/home/liv/final_project/install/_local_setup_util_sh.py'
[8.007s] INFO:colcon.colcon_core.shell:Creating prefix chain script '/home/liv/final_project/install/setup.sh'
[8.009s] INFO:colcon.colcon_core.shell:Creating prefix script '/home/liv/final_project/install/local_setup.bash'
[8.012s] INFO:colcon.colcon_core.shell:Creating prefix chain script '/home/liv/final_project/install/setup.bash'
[8.015s] INFO:colcon.colcon_core.shell:Creating prefix script '/home/liv/final_project/install/local_setup.zsh'
[8.016s] INFO:colcon.colcon_core.shell:Creating prefix chain script '/home/liv/final_project/install/setup.zsh'
