[2.462s] Invoking command in '/home/liv/final_project': PYTHONPATH=/home/liv/final_project/build/final_project/prefix_override:/usr/lib/python3/dist-packages/colcon_core/task/python/colcon_distutils_commands:/home/liv/final_project/install/final_project/lib/python3.10/site-packages:${PYTHONPATH} /usr/bin/python3 -W ignore:setup.py install is deprecated setup.py egg_info --egg-base build/final_project build --build-base /home/liv/final_project/build/final_project/build install --record /home/liv/final_project/build/final_project/install.log --single-version-externally-managed install_data
[3.487s] running egg_info
[3.489s] writing build/final_project/final_project.egg-info/PKG-INFO
[3.495s] writing dependency_links to build/final_project/final_project.egg-info/dependency_links.txt
[3.499s] writing entry points to build/final_project/final_project.egg-info/entry_points.txt
[3.501s] writing requirements to build/final_project/final_project.egg-info/requires.txt
[3.503s] writing top-level names to build/final_project/final_project.egg-info/top_level.txt
[3.508s] reading manifest file 'build/final_project/final_project.egg-info/SOURCES.txt'
[3.511s] adding license file 'LICENSE'
[3.516s] writing manifest file 'build/final_project/final_project.egg-info/SOURCES.txt'
[3.516s] running build
[3.516s] running build_py
[3.521s] running install
[3.523s] running install_lib
[3.530s] running install_data
[3.536s] running install_egg_info
[3.541s] removing '/home/liv/final_project/install/final_project/lib/python3.10/site-packages/final_project-0.0.0-py3.10.egg-info' (and everything under it)
[3.542s] Copying build/final_project/final_project.egg-info to /home/liv/final_project/install/final_project/lib/python3.10/site-packages/final_project-0.0.0-py3.10.egg-info
[3.549s] running install_scripts
[3.615s] Installing final_project script to /home/liv/final_project/install/final_project/lib/final_project
[3.619s] writing list of installed files to '/home/liv/final_project/build/final_project/install.log'
[3.701s] Invoked command in '/home/liv/final_project' returned '0': PYTHONPATH=/home/liv/final_project/build/final_project/prefix_override:/usr/lib/python3/dist-packages/colcon_core/task/python/colcon_distutils_commands:/home/liv/final_project/install/final_project/lib/python3.10/site-packages:${PYTHONPATH} /usr/bin/python3 -W ignore:setup.py install is deprecated setup.py egg_info --egg-base build/final_project build --build-base /home/liv/final_project/build/final_project/build install --record /home/liv/final_project/build/final_project/install.log --single-version-externally-managed install_data
