[4.061s] Invoking command in '/home/liv/final_project': PYTHONPATH=/home/liv/final_project/build/final_project/prefix_override:/usr/lib/python3/dist-packages/colcon_core/task/python/colcon_distutils_commands:/home/liv/final_project/install/final_project/lib/python3.10/site-packages:${PYTHONPATH} /usr/bin/python3 -W ignore:setup.py install is deprecated setup.py egg_info --egg-base build/final_project build --build-base /home/liv/final_project/build/final_project/build install --record /home/liv/final_project/build/final_project/install.log --single-version-externally-managed install_data
[5.299s] running egg_info
[5.299s] writing build/final_project/final_project.egg-info/PKG-INFO
[5.300s] writing dependency_links to build/final_project/final_project.egg-info/dependency_links.txt
[5.309s] writing entry points to build/final_project/final_project.egg-info/entry_points.txt
[5.309s] writing requirements to build/final_project/final_project.egg-info/requires.txt
[5.312s] writing top-level names to build/final_project/final_project.egg-info/top_level.txt
[5.312s] reading manifest file 'build/final_project/final_project.egg-info/SOURCES.txt'
[5.333s] adding license file 'LICENSE'
[5.341s] writing manifest file 'build/final_project/final_project.egg-info/SOURCES.txt'
[5.341s] running build
[5.342s] running build_py
[5.351s] running install
[5.351s] running install_lib
[5.351s] running install_data
[5.355s] copying launch/launch_final.py -> /home/liv/final_project/install/final_project/share/final_project/launch
[5.355s] running install_egg_info
[5.356s] removing '/home/liv/final_project/install/final_project/lib/python3.10/site-packages/final_project-0.0.0-py3.10.egg-info' (and everything under it)
[5.390s] Copying build/final_project/final_project.egg-info to /home/liv/final_project/install/final_project/lib/python3.10/site-packages/final_project-0.0.0-py3.10.egg-info
[5.391s] running install_scripts
[5.500s] Installing final_project script to /home/liv/final_project/install/final_project/lib/final_project
[5.502s] writing list of installed files to '/home/liv/final_project/build/final_project/install.log'
[5.586s] Invoked command in '/home/liv/final_project' returned '0': PYTHONPATH=/home/liv/final_project/build/final_project/prefix_override:/usr/lib/python3/dist-packages/colcon_core/task/python/colcon_distutils_commands:/home/liv/final_project/install/final_project/lib/python3.10/site-packages:${PYTHONPATH} /usr/bin/python3 -W ignore:setup.py install is deprecated setup.py egg_info --egg-base build/final_project build --build-base /home/liv/final_project/build/final_project/build install --record /home/liv/final_project/build/final_project/install.log --single-version-externally-managed install_data
