[0.951s] DEBUG:colcon:Command line arguments: ['/usr/bin/colcon', 'build']
[0.951s] DEBUG:colcon:Parsed command line arguments: Namespace(log_base=None, log_level=None, verb_name='build', build_base='build', install_base='install', merge_install=False, symlink_install=False, test_result_base=None, continue_on_error=False, executor='parallel', parallel_workers=4, event_handlers=None, ignore_user_meta=False, metas=['./colcon.meta'], base_paths=['.'], packages_ignore=None, packages_ignore_regex=None, paths=None, packages_up_to=None, packages_up_to_regex=None, packages_above=None, packages_above_and_dependencies=None, packages_above_depth=None, packages_select_by_dep=None, packages_skip_by_dep=None, packages_skip_up_to=None, packages_select_build_failed=False, packages_skip_build_finished=False, packages_select_test_failures=False, packages_skip_test_passed=False, packages_select=None, packages_skip=None, packages_select_regex=None, packages_skip_regex=None, packages_start=None, packages_end=None, allow_overriding=[], cmake_args=None, cmake_target=None, cmake_target_skip_unavailable=False, cmake_clean_cache=False, cmake_clean_first=False, cmake_force_configure=False, ament_cmake_args=None, catkin_cmake_args=None, catkin_skip_building_tests=False, mixin_files=None, mixin=None, verb_parser=<colcon_mixin.mixin.mixin_argument.MixinArgumentDecorator object at 0x73e7d8c44b20>, verb_extension=<colcon_core.verb.build.BuildVerb object at 0x73e7d8d311b0>, main=<bound method BuildVerb.main of <colcon_core.verb.build.BuildVerb object at 0x73e7d8d311b0>>, mixin_verb=('build',))
[1.711s] Level 1:colcon.colcon_core.package_discovery:discover_packages(colcon_meta) check parameters
[1.711s] Level 1:colcon.colcon_core.package_discovery:discover_packages(recursive) check parameters
[1.711s] Level 1:colcon.colcon_core.package_discovery:discover_packages(ignore) check parameters
[1.711s] Level 1:colcon.colcon_core.package_discovery:discover_packages(path) check parameters
[1.711s] Level 1:colcon.colcon_core.package_discovery:discover_packages(colcon_meta) discover
[1.712s] Level 1:colcon.colcon_core.package_discovery:discover_packages(recursive) discover
[1.712s] INFO:colcon.colcon_core.package_discovery:Crawling recursively for packages in '/home/liv/final_project'
[1.712s] Level 1:colcon.colcon_core.package_identification:_identify(.) by extensions ['ignore', 'ignore_ament_install']
[1.712s] Level 1:colcon.colcon_core.package_identification:_identify(.) by extension 'ignore'
[1.712s] Level 1:colcon.colcon_core.package_identification:_identify(.) by extension 'ignore_ament_install'
[1.712s] Level 1:colcon.colcon_core.package_identification:_identify(.) by extensions ['colcon_pkg']
[1.712s] Level 1:colcon.colcon_core.package_identification:_identify(.) by extension 'colcon_pkg'
[1.712s] Level 1:colcon.colcon_core.package_identification:_identify(.) by extensions ['colcon_meta']
[1.712s] Level 1:colcon.colcon_core.package_identification:_identify(.) by extension 'colcon_meta'
[1.712s] Level 1:colcon.colcon_core.package_identification:_identify(.) by extensions ['ros']
[1.712s] Level 1:colcon.colcon_core.package_identification:_identify(.) by extension 'ros'
[1.753s] DEBUG:colcon.colcon_core.package_identification:Package '.' with type 'ros.ament_python' and name 'final_project'
[1.754s] Level 1:colcon.colcon_core.package_discovery:discover_packages(recursive) using defaults
[1.754s] Level 1:colcon.colcon_core.package_discovery:discover_packages(ignore) discover
[1.754s] Level 1:colcon.colcon_core.package_discovery:discover_packages(ignore) using defaults
[1.754s] Level 1:colcon.colcon_core.package_discovery:discover_packages(path) discover
[1.754s] Level 1:colcon.colcon_core.package_discovery:discover_packages(path) using defaults
[1.850s] Level 1:colcon.colcon_core.package_discovery:discover_packages(prefix_path) check parameters
[1.850s] Level 1:colcon.colcon_core.package_discovery:discover_packages(prefix_path) discover
[1.862s] DEBUG:colcon.colcon_installed_package_information.package_discovery:Found 298 installed packages in /opt/ros/humble
[1.864s] Level 1:colcon.colcon_core.package_discovery:discover_packages(prefix_path) using defaults
[1.931s] Level 5:colcon.colcon_core.verb:set package 'final_project' build argument 'cmake_args' from command line to 'None'
[1.931s] Level 5:colcon.colcon_core.verb:set package 'final_project' build argument 'cmake_target' from command line to 'None'
[1.931s] Level 5:colcon.colcon_core.verb:set package 'final_project' build argument 'cmake_target_skip_unavailable' from command line to 'False'
[1.931s] Level 5:colcon.colcon_core.verb:set package 'final_project' build argument 'cmake_clean_cache' from command line to 'False'
[1.931s] Level 5:colcon.colcon_core.verb:set package 'final_project' build argument 'cmake_clean_first' from command line to 'False'
[1.931s] Level 5:colcon.colcon_core.verb:set package 'final_project' build argument 'cmake_force_configure' from command line to 'False'
[1.931s] Level 5:colcon.colcon_core.verb:set package 'final_project' build argument 'ament_cmake_args' from command line to 'None'
[1.931s] Level 5:colcon.colcon_core.verb:set package 'final_project' build argument 'catkin_cmake_args' from command line to 'None'
[1.931s] Level 5:colcon.colcon_core.verb:set package 'final_project' build argument 'catkin_skip_building_tests' from command line to 'False'
[1.931s] DEBUG:colcon.colcon_core.verb:Building package 'final_project' with the following arguments: {'ament_cmake_args': None, 'build_base': '/home/liv/final_project/build/final_project', 'catkin_cmake_args': None, 'catkin_skip_building_tests': False, 'cmake_args': None, 'cmake_clean_cache': False, 'cmake_clean_first': False, 'cmake_force_configure': False, 'cmake_target': None, 'cmake_target_skip_unavailable': False, 'install_base': '/home/liv/final_project/install/final_project', 'merge_install': False, 'path': '/home/liv/final_project', 'symlink_install': False, 'test_result_base': None}
[1.931s] INFO:colcon.colcon_core.executor:Executing jobs using 'parallel' executor
[1.934s] DEBUG:colcon.colcon_parallel_executor.executor.parallel:run_until_complete
[1.935s] INFO:colcon.colcon_ros.task.ament_python.build:Building ROS package in '/home/liv/final_project' with build type 'ament_python'
[1.935s] Level 1:colcon.colcon_core.shell:create_environment_hook('final_project', 'ament_prefix_path')
[1.960s] INFO:colcon.colcon_core.plugin_system:Skipping extension 'colcon_core.shell.bat': Not used on non-Windows systems
[1.961s] INFO:colcon.colcon_core.shell:Creating environment hook '/home/liv/final_project/install/final_project/share/final_project/hook/ament_prefix_path.ps1'
[1.968s] INFO:colcon.colcon_core.shell:Creating environment descriptor '/home/liv/final_project/install/final_project/share/final_project/hook/ament_prefix_path.dsv'
[1.971s] INFO:colcon.colcon_core.shell:Creating environment hook '/home/liv/final_project/install/final_project/share/final_project/hook/ament_prefix_path.sh'
[1.974s] INFO:colcon.colcon_core.shell:Skip shell extension 'powershell' for command environment: Not usable outside of PowerShell
[1.975s] DEBUG:colcon.colcon_core.shell:Skip shell extension 'dsv' for command environment
[2.450s] INFO:colcon.colcon_core.task.python.build:Building Python package in '/home/liv/final_project'
[2.451s] INFO:colcon.colcon_core.shell:Skip shell extension 'powershell' for command environment: Not usable outside of PowerShell
[2.451s] DEBUG:colcon.colcon_core.shell:Skip shell extension 'dsv' for command environment
[3.608s] DEBUG:colcon.colcon_core.event_handler.log_command:Invoking command in '/home/liv/final_project': PYTHONPATH=/home/liv/final_project/build/final_project/prefix_override:/usr/lib/python3/dist-packages/colcon_core/task/python/colcon_distutils_commands:/home/liv/final_project/install/final_project/lib/python3.10/site-packages:${PYTHONPATH} /usr/bin/python3 -W ignore:setup.py install is deprecated setup.py egg_info --egg-base build/final_project build --build-base /home/liv/final_project/build/final_project/build install --record /home/liv/final_project/build/final_project/install.log --single-version-externally-managed install_data
[4.122s] DEBUG:colcon.colcon_core.event_handler.log_command:Invoked command in '/home/liv/final_project' returned '0': PYTHONPATH=/home/liv/final_project/build/final_project/prefix_override:/usr/lib/python3/dist-packages/colcon_core/task/python/colcon_distutils_commands:/home/liv/final_project/install/final_project/lib/python3.10/site-packages:${PYTHONPATH} /usr/bin/python3 -W ignore:setup.py install is deprecated setup.py egg_info --egg-base build/final_project build --build-base /home/liv/final_project/build/final_project/build install --record /home/liv/final_project/build/final_project/install.log --single-version-externally-managed install_data
[4.153s] Level 1:colcon.colcon_core.environment:checking '/home/liv/final_project/install/final_project' for CMake module files
[4.153s] Level 1:colcon.colcon_core.environment:checking '/home/liv/final_project/install/final_project' for CMake config files
[4.157s] Level 1:colcon.colcon_core.environment:checking '/home/liv/final_project/install/final_project/lib'
[4.157s] Level 1:colcon.colcon_core.environment:checking '/home/liv/final_project/install/final_project/bin'
[4.158s] Level 1:colcon.colcon_core.environment:checking '/home/liv/final_project/install/final_project/lib/pkgconfig/final_project.pc'
[4.158s] Level 1:colcon.colcon_core.environment:checking '/home/liv/final_project/install/final_project/lib/python3.10/site-packages'
[4.158s] Level 1:colcon.colcon_core.shell:create_environment_hook('final_project', 'pythonpath')
[4.158s] INFO:colcon.colcon_core.shell:Creating environment hook '/home/liv/final_project/install/final_project/share/final_project/hook/pythonpath.ps1'
[4.159s] INFO:colcon.colcon_core.shell:Creating environment descriptor '/home/liv/final_project/install/final_project/share/final_project/hook/pythonpath.dsv'
[4.161s] INFO:colcon.colcon_core.shell:Creating environment hook '/home/liv/final_project/install/final_project/share/final_project/hook/pythonpath.sh'
[4.162s] Level 1:colcon.colcon_core.environment:checking '/home/liv/final_project/install/final_project/bin'
[4.162s] Level 1:colcon.colcon_core.environment:create_environment_scripts_only(final_project)
[4.162s] INFO:colcon.colcon_core.shell:Creating package script '/home/liv/final_project/install/final_project/share/final_project/package.ps1'
[4.165s] INFO:colcon.colcon_core.shell:Creating package descriptor '/home/liv/final_project/install/final_project/share/final_project/package.dsv'
[4.166s] INFO:colcon.colcon_core.shell:Creating package script '/home/liv/final_project/install/final_project/share/final_project/package.sh'
[4.168s] INFO:colcon.colcon_core.shell:Creating package script '/home/liv/final_project/install/final_project/share/final_project/package.bash'
[4.172s] INFO:colcon.colcon_core.shell:Creating package script '/home/liv/final_project/install/final_project/share/final_project/package.zsh'
[4.175s] Level 1:colcon.colcon_core.environment:create_file_with_runtime_dependencies(/home/liv/final_project/install/final_project/share/colcon-core/packages/final_project)
[4.176s] DEBUG:colcon.colcon_parallel_executor.executor.parallel:closing loop
[4.176s] DEBUG:colcon.colcon_parallel_executor.executor.parallel:loop closed
[4.177s] DEBUG:colcon.colcon_parallel_executor.executor.parallel:run_until_complete finished with '0'
[4.177s] DEBUG:colcon.colcon_core.event_reactor:joining thread
[4.199s] INFO:colcon.colcon_core.plugin_system:Skipping extension 'colcon_notification.desktop_notification.terminal_notifier': Not used on non-Darwin systems
[4.199s] INFO:colcon.colcon_core.plugin_system:Skipping extension 'colcon_notification.desktop_notification.win32': Not used on non-Windows systems
[4.199s] INFO:colcon.colcon_notification.desktop_notification:Sending desktop notification using 'notify2'
[4.259s] DEBUG:colcon.colcon_core.event_reactor:joined thread
[4.259s] INFO:colcon.colcon_core.shell:Creating prefix script '/home/liv/final_project/install/local_setup.ps1'
[4.263s] INFO:colcon.colcon_core.shell:Creating prefix util module '/home/liv/final_project/install/_local_setup_util_ps1.py'
[4.269s] INFO:colcon.colcon_core.shell:Creating prefix chain script '/home/liv/final_project/install/setup.ps1'
[4.272s] INFO:colcon.colcon_core.shell:Creating prefix script '/home/liv/final_project/install/local_setup.sh'
[4.278s] INFO:colcon.colcon_core.shell:Creating prefix util module '/home/liv/final_project/install/_local_setup_util_sh.py'
[4.279s] INFO:colcon.colcon_core.shell:Creating prefix chain script '/home/liv/final_project/install/setup.sh'
[4.283s] INFO:colcon.colcon_core.shell:Creating prefix script '/home/liv/final_project/install/local_setup.bash'
[4.288s] INFO:colcon.colcon_core.shell:Creating prefix chain script '/home/liv/final_project/install/setup.bash'
[4.293s] INFO:colcon.colcon_core.shell:Creating prefix script '/home/liv/final_project/install/local_setup.zsh'
[4.298s] INFO:colcon.colcon_core.shell:Creating prefix chain script '/home/liv/final_project/install/setup.zsh'
