[0.431s] DEBUG:colcon:Command line arguments: ['/usr/bin/colcon', 'build']
[0.431s] DEBUG:colcon:Parsed command line arguments: Namespace(log_base=None, log_level=None, verb_name='build', build_base='build', install_base='install', merge_install=False, symlink_install=False, test_result_base=None, continue_on_error=False, executor='parallel', parallel_workers=4, event_handlers=None, ignore_user_meta=False, metas=['./colcon.meta'], base_paths=['.'], packages_ignore=None, packages_ignore_regex=None, paths=None, packages_up_to=None, packages_up_to_regex=None, packages_above=None, packages_above_and_dependencies=None, packages_above_depth=None, packages_select_by_dep=None, packages_skip_by_dep=None, packages_skip_up_to=None, packages_select_build_failed=False, packages_skip_build_finished=False, packages_select_test_failures=False, packages_skip_test_passed=False, packages_select=None, packages_skip=None, packages_select_regex=None, packages_skip_regex=None, packages_start=None, packages_end=None, allow_overriding=[], cmake_args=None, cmake_target=None, cmake_target_skip_unavailable=False, cmake_clean_cache=False, cmake_clean_first=False, cmake_force_configure=False, ament_cmake_args=None, catkin_cmake_args=None, catkin_skip_building_tests=False, mixin_files=None, mixin=None, verb_parser=<colcon_mixin.mixin.mixin_argument.MixinArgumentDecorator object at 0x71f917b3e050>, verb_extension=<colcon_core.verb.build.BuildVerb object at 0x71f917c4a5c0>, main=<bound method BuildVerb.main of <colcon_core.verb.build.BuildVerb object at 0x71f917c4a5c0>>, mixin_verb=('build',))
[1.402s] Level 1:colcon.colcon_core.package_discovery:discover_packages(colcon_meta) check parameters
[1.402s] Level 1:colcon.colcon_core.package_discovery:discover_packages(recursive) check parameters
[1.408s] Level 1:colcon.colcon_core.package_discovery:discover_packages(ignore) check parameters
[1.408s] Level 1:colcon.colcon_core.package_discovery:discover_packages(path) check parameters
[1.409s] Level 1:colcon.colcon_core.package_discovery:discover_packages(colcon_meta) discover
[1.409s] Level 1:colcon.colcon_core.package_discovery:discover_packages(recursive) discover
[1.410s] INFO:colcon.colcon_core.package_discovery:Crawling recursively for packages in '/home/liv/final_project'
[1.410s] Level 1:colcon.colcon_core.package_identification:_identify(.) by extensions ['ignore', 'ignore_ament_install']
[1.410s] Level 1:colcon.colcon_core.package_identification:_identify(.) by extension 'ignore'
[1.411s] Level 1:colcon.colcon_core.package_identification:_identify(.) by extension 'ignore_ament_install'
[1.412s] Level 1:colcon.colcon_core.package_identification:_identify(.) by extensions ['colcon_pkg']
[1.412s] Level 1:colcon.colcon_core.package_identification:_identify(.) by extension 'colcon_pkg'
[1.412s] Level 1:colcon.colcon_core.package_identification:_identify(.) by extensions ['colcon_meta']
[1.412s] Level 1:colcon.colcon_core.package_identification:_identify(.) by extension 'colcon_meta'
[1.412s] Level 1:colcon.colcon_core.package_identification:_identify(.) by extensions ['ros']
[1.414s] Level 1:colcon.colcon_core.package_identification:_identify(.) by extension 'ros'
[1.485s] DEBUG:colcon.colcon_core.package_identification:Package '.' with type 'ros.ament_python' and name 'final_project'
[1.488s] Level 1:colcon.colcon_core.package_discovery:discover_packages(recursive) using defaults
[1.489s] Level 1:colcon.colcon_core.package_discovery:discover_packages(ignore) discover
[1.489s] Level 1:colcon.colcon_core.package_discovery:discover_packages(ignore) using defaults
[1.489s] Level 1:colcon.colcon_core.package_discovery:discover_packages(path) discover
[1.489s] Level 1:colcon.colcon_core.package_discovery:discover_packages(path) using defaults
[1.607s] Level 1:colcon.colcon_core.package_discovery:discover_packages(prefix_path) check parameters
[1.607s] Level 1:colcon.colcon_core.package_discovery:discover_packages(prefix_path) discover
[1.615s] DEBUG:colcon.colcon_installed_package_information.package_discovery:Found 2 installed packages in /home/liv/final_project/install
[1.618s] DEBUG:colcon.colcon_installed_package_information.package_discovery:Found 5 installed packages in /home/liv/install
[1.625s] DEBUG:colcon.colcon_installed_package_information.package_discovery:Found 298 installed packages in /opt/ros/humble
[1.637s] Level 1:colcon.colcon_core.package_discovery:discover_packages(prefix_path) using defaults
[1.851s] Level 5:colcon.colcon_core.verb:set package 'final_project' build argument 'cmake_args' from command line to 'None'
[1.854s] Level 5:colcon.colcon_core.verb:set package 'final_project' build argument 'cmake_target' from command line to 'None'
[1.859s] Level 5:colcon.colcon_core.verb:set package 'final_project' build argument 'cmake_target_skip_unavailable' from command line to 'False'
[1.859s] Level 5:colcon.colcon_core.verb:set package 'final_project' build argument 'cmake_clean_cache' from command line to 'False'
[1.859s] Level 5:colcon.colcon_core.verb:set package 'final_project' build argument 'cmake_clean_first' from command line to 'False'
[1.859s] Level 5:colcon.colcon_core.verb:set package 'final_project' build argument 'cmake_force_configure' from command line to 'False'
[1.859s] Level 5:colcon.colcon_core.verb:set package 'final_project' build argument 'ament_cmake_args' from command line to 'None'
[1.859s] Level 5:colcon.colcon_core.verb:set package 'final_project' build argument 'catkin_cmake_args' from command line to 'None'
[1.859s] Level 5:colcon.colcon_core.verb:set package 'final_project' build argument 'catkin_skip_building_tests' from command line to 'False'
[1.862s] DEBUG:colcon.colcon_core.verb:Building package 'final_project' with the following arguments: {'ament_cmake_args': None, 'build_base': '/home/liv/final_project/build/final_project', 'catkin_cmake_args': None, 'catkin_skip_building_tests': False, 'cmake_args': None, 'cmake_clean_cache': False, 'cmake_clean_first': False, 'cmake_force_configure': False, 'cmake_target': None, 'cmake_target_skip_unavailable': False, 'install_base': '/home/liv/final_project/install/final_project', 'merge_install': False, 'path': '/home/liv/final_project', 'symlink_install': False, 'test_result_base': None}
[1.862s] INFO:colcon.colcon_core.executor:Executing jobs using 'parallel' executor
[1.869s] DEBUG:colcon.colcon_parallel_executor.executor.parallel:run_until_complete
[1.870s] INFO:colcon.colcon_ros.task.ament_python.build:Building ROS package in '/home/liv/final_project' with build type 'ament_python'
[1.871s] Level 1:colcon.colcon_core.shell:create_environment_hook('final_project', 'ament_prefix_path')
[1.885s] INFO:colcon.colcon_core.plugin_system:Skipping extension 'colcon_core.shell.bat': Not used on non-Windows systems
[1.886s] INFO:colcon.colcon_core.shell:Creating environment hook '/home/liv/final_project/install/final_project/share/final_project/hook/ament_prefix_path.ps1'
[1.890s] INFO:colcon.colcon_core.shell:Creating environment descriptor '/home/liv/final_project/install/final_project/share/final_project/hook/ament_prefix_path.dsv'
[1.893s] INFO:colcon.colcon_core.shell:Creating environment hook '/home/liv/final_project/install/final_project/share/final_project/hook/ament_prefix_path.sh'
[1.898s] INFO:colcon.colcon_core.shell:Skip shell extension 'powershell' for command environment: Not usable outside of PowerShell
[1.898s] DEBUG:colcon.colcon_core.shell:Skip shell extension 'dsv' for command environment
[3.084s] INFO:colcon.colcon_core.task.python.build:Building Python package in '/home/liv/final_project'
[3.085s] INFO:colcon.colcon_core.shell:Skip shell extension 'powershell' for command environment: Not usable outside of PowerShell
[3.085s] DEBUG:colcon.colcon_core.shell:Skip shell extension 'dsv' for command environment
[4.594s] DEBUG:colcon.colcon_core.event_handler.log_command:Invoking command in '/home/liv/final_project': PYTHONPATH=/home/liv/final_project/build/final_project/prefix_override:/usr/lib/python3/dist-packages/colcon_core/task/python/colcon_distutils_commands:/home/liv/final_project/install/final_project/lib/python3.10/site-packages:${PYTHONPATH} /usr/bin/python3 -W ignore:setup.py install is deprecated setup.py egg_info --egg-base build/final_project build --build-base /home/liv/final_project/build/final_project/build install --record /home/liv/final_project/build/final_project/install.log --single-version-externally-managed install_data
[5.978s] DEBUG:colcon.colcon_core.event_handler.log_command:Invoked command in '/home/liv/final_project' returned '0': PYTHONPATH=/home/liv/final_project/build/final_project/prefix_override:/usr/lib/python3/dist-packages/colcon_core/task/python/colcon_distutils_commands:/home/liv/final_project/install/final_project/lib/python3.10/site-packages:${PYTHONPATH} /usr/bin/python3 -W ignore:setup.py install is deprecated setup.py egg_info --egg-base build/final_project build --build-base /home/liv/final_project/build/final_project/build install --record /home/liv/final_project/build/final_project/install.log --single-version-externally-managed install_data
[5.988s] Level 1:colcon.colcon_core.environment:checking '/home/liv/final_project/install/final_project' for CMake module files
[5.988s] Level 1:colcon.colcon_core.environment:checking '/home/liv/final_project/install/final_project' for CMake config files
[5.999s] Level 1:colcon.colcon_core.environment:checking '/home/liv/final_project/install/final_project/lib'
[6.000s] Level 1:colcon.colcon_core.environment:checking '/home/liv/final_project/install/final_project/bin'
[6.001s] Level 1:colcon.colcon_core.environment:checking '/home/liv/final_project/install/final_project/lib/pkgconfig/final_project.pc'
[6.002s] Level 1:colcon.colcon_core.environment:checking '/home/liv/final_project/install/final_project/lib/python3.10/site-packages'
[6.003s] Level 1:colcon.colcon_core.shell:create_environment_hook('final_project', 'pythonpath')
[6.004s] INFO:colcon.colcon_core.shell:Creating environment hook '/home/liv/final_project/install/final_project/share/final_project/hook/pythonpath.ps1'
[6.006s] INFO:colcon.colcon_core.shell:Creating environment descriptor '/home/liv/final_project/install/final_project/share/final_project/hook/pythonpath.dsv'
[6.008s] INFO:colcon.colcon_core.shell:Creating environment hook '/home/liv/final_project/install/final_project/share/final_project/hook/pythonpath.sh'
[6.012s] Level 1:colcon.colcon_core.environment:checking '/home/liv/final_project/install/final_project/bin'
[6.015s] Level 1:colcon.colcon_core.environment:create_environment_scripts_only(final_project)
[6.016s] INFO:colcon.colcon_core.shell:Creating package script '/home/liv/final_project/install/final_project/share/final_project/package.ps1'
[6.020s] INFO:colcon.colcon_core.shell:Creating package descriptor '/home/liv/final_project/install/final_project/share/final_project/package.dsv'
[6.024s] INFO:colcon.colcon_core.shell:Creating package script '/home/liv/final_project/install/final_project/share/final_project/package.sh'
[6.031s] INFO:colcon.colcon_core.shell:Creating package script '/home/liv/final_project/install/final_project/share/final_project/package.bash'
[6.038s] INFO:colcon.colcon_core.shell:Creating package script '/home/liv/final_project/install/final_project/share/final_project/package.zsh'
[6.043s] Level 1:colcon.colcon_core.environment:create_file_with_runtime_dependencies(/home/liv/final_project/install/final_project/share/colcon-core/packages/final_project)
[6.046s] DEBUG:colcon.colcon_parallel_executor.executor.parallel:closing loop
[6.046s] DEBUG:colcon.colcon_parallel_executor.executor.parallel:loop closed
[6.046s] DEBUG:colcon.colcon_parallel_executor.executor.parallel:run_until_complete finished with '0'
[6.046s] DEBUG:colcon.colcon_core.event_reactor:joining thread
[6.076s] INFO:colcon.colcon_core.plugin_system:Skipping extension 'colcon_notification.desktop_notification.terminal_notifier': Not used on non-Darwin systems
[6.076s] INFO:colcon.colcon_core.plugin_system:Skipping extension 'colcon_notification.desktop_notification.win32': Not used on non-Windows systems
[6.076s] INFO:colcon.colcon_notification.desktop_notification:Sending desktop notification using 'notify2'
[6.256s] DEBUG:colcon.colcon_core.event_reactor:joined thread
[6.260s] INFO:colcon.colcon_core.shell:Creating prefix script '/home/liv/final_project/install/local_setup.ps1'
[6.277s] INFO:colcon.colcon_core.shell:Creating prefix util module '/home/liv/final_project/install/_local_setup_util_ps1.py'
[6.282s] INFO:colcon.colcon_core.shell:Creating prefix chain script '/home/liv/final_project/install/setup.ps1'
[6.289s] INFO:colcon.colcon_core.shell:Creating prefix script '/home/liv/final_project/install/local_setup.sh'
[6.293s] INFO:colcon.colcon_core.shell:Creating prefix util module '/home/liv/final_project/install/_local_setup_util_sh.py'
[6.306s] INFO:colcon.colcon_core.shell:Creating prefix chain script '/home/liv/final_project/install/setup.sh'
[6.315s] INFO:colcon.colcon_core.shell:Creating prefix script '/home/liv/final_project/install/local_setup.bash'
[6.317s] INFO:colcon.colcon_core.shell:Creating prefix chain script '/home/liv/final_project/install/setup.bash'
[6.326s] INFO:colcon.colcon_core.shell:Creating prefix script '/home/liv/final_project/install/local_setup.zsh'
[6.329s] INFO:colcon.colcon_core.shell:Creating prefix chain script '/home/liv/final_project/install/setup.zsh'
