[3.666s] Invoking command in '/home/liv/final_project': PYTHONPATH=/home/liv/final_project/build/final_project/prefix_override:/usr/lib/python3/dist-packages/colcon_core/task/python/colcon_distutils_commands:/home/liv/final_project/install/final_project/lib/python3.10/site-packages:${PYTHONPATH} /usr/bin/python3 -W ignore:setup.py install is deprecated setup.py egg_info --egg-base build/final_project build --build-base /home/liv/final_project/build/final_project/build install --record /home/liv/final_project/build/final_project/install.log --single-version-externally-managed install_data
[4.554s] running egg_info
[4.559s] writing build/final_project/final_project.egg-info/PKG-INFO
[4.566s] writing dependency_links to build/final_project/final_project.egg-info/dependency_links.txt
[4.566s] writing entry points to build/final_project/final_project.egg-info/entry_points.txt
[4.567s] writing requirements to build/final_project/final_project.egg-info/requires.txt
[4.571s] writing top-level names to build/final_project/final_project.egg-info/top_level.txt
[4.575s] reading manifest file 'build/final_project/final_project.egg-info/SOURCES.txt'
[4.576s] adding license file 'LICENSE'
[4.583s] writing manifest file 'build/final_project/final_project.egg-info/SOURCES.txt'
[4.584s] running build
[4.586s] running build_py
[4.588s] running install
[4.590s] running install_lib
[4.594s] running install_data
[4.597s] copying launch/launch_final.py -> /home/liv/final_project/install/final_project/share/final_project/launch
[4.603s] running install_egg_info
[4.605s] removing '/home/liv/final_project/install/final_project/lib/python3.10/site-packages/final_project-0.0.0-py3.10.egg-info' (and everything under it)
[4.610s] Copying build/final_project/final_project.egg-info to /home/liv/final_project/install/final_project/lib/python3.10/site-packages/final_project-0.0.0-py3.10.egg-info
[4.618s] running install_scripts
[4.695s] Installing final_project script to /home/liv/final_project/install/final_project/lib/final_project
[4.699s] writing list of installed files to '/home/liv/final_project/build/final_project/install.log'
[4.781s] Invoked command in '/home/liv/final_project' returned '0': PYTHONPATH=/home/liv/final_project/build/final_project/prefix_override:/usr/lib/python3/dist-packages/colcon_core/task/python/colcon_distutils_commands:/home/liv/final_project/install/final_project/lib/python3.10/site-packages:${PYTHONPATH} /usr/bin/python3 -W ignore:setup.py install is deprecated setup.py egg_info --egg-base build/final_project build --build-base /home/liv/final_project/build/final_project/build install --record /home/liv/final_project/build/final_project/install.log --single-version-externally-managed install_data
