running egg_info
writing build/final_project/final_project.egg-info/PKG-INFO
writing dependency_links to build/final_project/final_project.egg-info/dependency_links.txt
writing entry points to build/final_project/final_project.egg-info/entry_points.txt
writing requirements to build/final_project/final_project.egg-info/requires.txt
writing top-level names to build/final_project/final_project.egg-info/top_level.txt
reading manifest file 'build/final_project/final_project.egg-info/SOURCES.txt'
adding license file 'LICENSE'
writing manifest file 'build/final_project/final_project.egg-info/SOURCES.txt'
running build
running build_py
creating /home/liv/final_project/build/final_project/build
creating /home/liv/final_project/build/final_project/build/lib
creating /home/liv/final_project/build/final_project/build/lib/final_project
copying final_project/final_project.py -> /home/liv/final_project/build/final_project/build/lib/final_project
copying final_project/__init__.py -> /home/liv/final_project/build/final_project/build/lib/final_project
running install
running install_lib
creating /home/liv/final_project/install/final_project/lib/python3.10/site-packages/final_project
copying /home/liv/final_project/build/final_project/build/lib/final_project/final_project.py -> /home/liv/final_project/install/final_project/lib/python3.10/site-packages/final_project
copying /home/liv/final_project/build/final_project/build/lib/final_project/__init__.py -> /home/liv/final_project/install/final_project/lib/python3.10/site-packages/final_project
byte-compiling /home/liv/final_project/install/final_project/lib/python3.10/site-packages/final_project/final_project.py to final_project.cpython-310.pyc
byte-compiling /home/liv/final_project/install/final_project/lib/python3.10/site-packages/final_project/__init__.py to __init__.cpython-310.pyc
running install_data
running install_egg_info
removing '/home/liv/final_project/install/final_project/lib/python3.10/site-packages/final_project-0.0.0-py3.10.egg-info' (and everything under it)
Copying build/final_project/final_project.egg-info to /home/liv/final_project/install/final_project/lib/python3.10/site-packages/final_project-0.0.0-py3.10.egg-info
running install_scripts
Installing final_project script to /home/liv/final_project/install/final_project/lib/final_project
writing list of installed files to '/home/liv/final_project/build/final_project/install.log'
