[2.142s] Invoking command in '/home/liv/final_project': PYTHONPATH=/home/liv/final_project/build/final_project/prefix_override:/usr/lib/python3/dist-packages/colcon_core/task/python/colcon_distutils_commands:/home/liv/final_project/install/final_project/lib/python3.10/site-packages:${PYTHONPATH} /usr/bin/python3 -W ignore:setup.py install is deprecated setup.py egg_info --egg-base build/final_project build --build-base /home/liv/final_project/build/final_project/build install --record /home/liv/final_project/build/final_project/install.log --single-version-externally-managed install_data
[2.940s] running egg_info
[2.948s] writing build/final_project/final_project.egg-info/PKG-INFO
[2.953s] writing dependency_links to build/final_project/final_project.egg-info/dependency_links.txt
[2.955s] writing entry points to build/final_project/final_project.egg-info/entry_points.txt
[2.955s] writing requirements to build/final_project/final_project.egg-info/requires.txt
[2.955s] writing top-level names to build/final_project/final_project.egg-info/top_level.txt
[2.959s] reading manifest file 'build/final_project/final_project.egg-info/SOURCES.txt'
[2.960s] adding license file 'LICENSE'
[2.962s] writing manifest file 'build/final_project/final_project.egg-info/SOURCES.txt'
[2.964s] running build
[2.964s] running build_py
[2.964s] running install
[2.970s] running install_lib
[2.975s] running install_data
[2.976s] copying launch/launch_final.py -> /home/liv/final_project/install/final_project/share/final_project/launch
[2.980s] running install_egg_info
[2.987s] removing '/home/liv/final_project/install/final_project/lib/python3.10/site-packages/final_project-0.0.0-py3.10.egg-info' (and everything under it)
[2.989s] Copying build/final_project/final_project.egg-info to /home/liv/final_project/install/final_project/lib/python3.10/site-packages/final_project-0.0.0-py3.10.egg-info
[2.995s] running install_scripts
[3.066s] Installing final_project script to /home/liv/final_project/install/final_project/lib/final_project
[3.069s] writing list of installed files to '/home/liv/final_project/build/final_project/install.log'
[3.140s] Invoked command in '/home/liv/final_project' returned '0': PYTHONPATH=/home/liv/final_project/build/final_project/prefix_override:/usr/lib/python3/dist-packages/colcon_core/task/python/colcon_distutils_commands:/home/liv/final_project/install/final_project/lib/python3.10/site-packages:${PYTHONPATH} /usr/bin/python3 -W ignore:setup.py install is deprecated setup.py egg_info --egg-base build/final_project build --build-base /home/liv/final_project/build/final_project/build install --record /home/liv/final_project/build/final_project/install.log --single-version-externally-managed install_data
